d:\vs\fastpusher-win\fastpusherwin\x64\debug\fastpusherwin.pch
d:\vs\fastpusher-win\fastpusherwin\x64\debug\vc141.pdb
d:\vs\fastpusher-win\fastpusherwin\x64\debug\vc141.idb
d:\vs\fastpusher-win\fastpusherwin\x64\debug\stdafx.obj
d:\vs\fastpusher-win\fastpusherwin\x64\debug\fastpusherwindlg.obj
d:\vs\fastpusher-win\fastpusherwin\x64\debug\fastpusherwin.obj
d:\vs\fastpusher-win\fastpusherwin\x64\debug\cfastffgrabdesktop.obj
d:\vs\fastpusher-win\fastpusherwin\x64\debug\cfastencoder.obj
d:\vs\fastpusher-win\fastpusherwin\x64\debug\fastpusherwin.res
d:\vs\fastpusher-win\x64\debug\fastpusherwin.pdb
d:\vs\fastpusher-win\fastpusherwin\x64\debug\fastpusherwin.tlog\cl.command.1.tlog
d:\vs\fastpusher-win\fastpusherwin\x64\debug\fastpusherwin.tlog\cl.read.1.tlog
d:\vs\fastpusher-win\fastpusherwin\x64\debug\fastpusherwin.tlog\cl.write.1.tlog
d:\vs\fastpusher-win\fastpusherwin\x64\debug\fastpusherwin.tlog\link-cvtres.read.1.tlog
d:\vs\fastpusher-win\fastpusherwin\x64\debug\fastpusherwin.tlog\link-cvtres.write.1.tlog
d:\vs\fastpusher-win\fastpusherwin\x64\debug\fastpusherwin.tlog\link-mt.read.1.tlog
d:\vs\fastpusher-win\fastpusherwin\x64\debug\fastpusherwin.tlog\link-mt.write.1.tlog
d:\vs\fastpusher-win\fastpusherwin\x64\debug\fastpusherwin.tlog\link-rc.read.1.tlog
d:\vs\fastpusher-win\fastpusherwin\x64\debug\fastpusherwin.tlog\link-rc.write.1.tlog
d:\vs\fastpusher-win\fastpusherwin\x64\debug\fastpusherwin.tlog\link.command.1.tlog
d:\vs\fastpusher-win\fastpusherwin\x64\debug\fastpusherwin.tlog\link.read.1.tlog
d:\vs\fastpusher-win\fastpusherwin\x64\debug\fastpusherwin.tlog\link.write.1.tlog
d:\vs\fastpusher-win\fastpusherwin\x64\debug\fastpusherwin.tlog\rc.command.1.tlog
d:\vs\fastpusher-win\fastpusherwin\x64\debug\fastpusherwin.tlog\rc.read.1.tlog
d:\vs\fastpusher-win\fastpusherwin\x64\debug\fastpusherwin.tlog\rc.write.1.tlog
